<?xml version="1.0" encoding="UTF-8"?>
<robot generator="Robot 3.1.2 (Python 3.7.3 on win32)" generated="20190612 13:24:49.772" rpa="false">
<suite id="s1" name="Demo" source="C:\development\robot-scripts\keyword-demo\demo.robot">
<test id="s1-t1" name="Test case 1">
<kw name="Do Something">
<kw name="Log" library="BuiltIn">
<doc>Logs the given message with the given level.</doc>
<arguments>
<arg>I am doing something...</arg>
</arguments>
<msg timestamp="20190612 13:24:49.798" level="INFO">I am doing something...</msg>
<status status="PASS" starttime="20190612 13:24:49.798" endtime="20190612 13:24:49.798"></status>
</kw>
<status status="PASS" starttime="20190612 13:24:49.798" endtime="20190612 13:24:49.798"></status>
</kw>
<kw name="Do Something else">
<kw name="Log" library="BuiltIn">
<doc>Logs the given message with the given level.</doc>
<arguments>
<arg>I am doing something else...</arg>
</arguments>
<msg timestamp="20190612 13:24:49.799" level="INFO">I am doing something else...</msg>
<status status="PASS" starttime="20190612 13:24:49.799" endtime="20190612 13:24:49.799"></status>
</kw>
<status status="PASS" starttime="20190612 13:24:49.799" endtime="20190612 13:24:49.799"></status>
</kw>
<status status="PASS" starttime="20190612 13:24:49.797" endtime="20190612 13:24:49.799" critical="yes"></status>
</test>
<test id="s1-t2" name="Test case 2">
<kw name="Do Another Thing">
<kw name="Log" library="BuiltIn">
<doc>Logs the given message with the given level.</doc>
<arguments>
<arg>I am doing another thing...</arg>
</arguments>
<msg timestamp="20190612 13:24:49.801" level="INFO">I am doing another thing...</msg>
<status status="PASS" starttime="20190612 13:24:49.801" endtime="20190612 13:24:49.801"></status>
</kw>
<status status="PASS" starttime="20190612 13:24:49.801" endtime="20190612 13:24:49.801"></status>
</kw>
<kw name="Do Something else">
<kw name="Log" library="BuiltIn">
<doc>Logs the given message with the given level.</doc>
<arguments>
<arg>I am doing something else...</arg>
</arguments>
<msg timestamp="20190612 13:24:49.802" level="INFO">I am doing something else...</msg>
<status status="PASS" starttime="20190612 13:24:49.801" endtime="20190612 13:24:49.802"></status>
</kw>
<status status="PASS" starttime="20190612 13:24:49.801" endtime="20190612 13:24:49.802"></status>
</kw>
<status status="PASS" starttime="20190612 13:24:49.800" endtime="20190612 13:24:49.802" critical="yes"></status>
</test>
<status status="PASS" starttime="20190612 13:24:49.774" endtime="20190612 13:24:49.803"></status>
</suite>
<statistics>
<total>
<stat pass="2" fail="0">Critical Tests</stat>
<stat pass="2" fail="0">All Tests</stat>
</total>
<tag>
</tag>
<suite>
<stat pass="2" fail="0" id="s1" name="Demo">Demo</stat>
</suite>
</statistics>
<errors>
</errors>
</robot>
