<?xml version="1.0" encoding="UTF-8"?>
<robot generator="Robot 3.1.2 (Python 3.7.3 on win32)" generated="20190728 13:24:19.136" rpa="false">
<suite id="s1" name="Amazon" source="C:\development\robot-scripts\amazon\test\amazon.robot">
<test id="s1-t1" name="Logged out user can search for product">
<kw name="Begin Web test" library="Common" type="setup">
<kw name="Open Browser" library="SeleniumLibrary">
<doc>Opens a new browser instance to the given ``url``.</doc>
<arguments>
<arg>about:blank</arg>
<arg>${BROWSER}</arg>
</arguments>
<msg timestamp="20190728 13:24:19.402" level="INFO">Opening browser 'chrome' to base url 'about:blank'.</msg>
<status status="PASS" starttime="20190728 13:24:19.402" endtime="20190728 13:24:21.645"></status>
</kw>
<status status="PASS" starttime="20190728 13:24:19.402" endtime="20190728 13:24:21.646"></status>
</kw>
<kw name="Search for products" library="AmazonApp">
<kw name="Load" library="LandingPage">
<kw name="Go To" library="SeleniumLibrary">
<doc>Navigates the active browser instance to the provided ``url``.</doc>
<arguments>
<arg>${START_URL}</arg>
</arguments>
<msg timestamp="20190728 13:24:21.648" level="INFO">Opening url 'http://www.amazon.com'</msg>
<status status="PASS" starttime="20190728 13:24:21.648" endtime="20190728 13:24:25.823"></status>
</kw>
<kw name="Maximize Browser Window" library="SeleniumLibrary">
<doc>Maximizes current browser window.</doc>
<status status="PASS" starttime="20190728 13:24:25.823" endtime="20190728 13:24:28.773"></status>
</kw>
<status status="PASS" starttime="20190728 13:24:21.647" endtime="20190728 13:24:28.773"></status>
</kw>
<kw name="Verify Page Loaded" library="LandingPage">
<kw name="Wait Until Page Contains" library="SeleniumLibrary">
<doc>Waits until ``text`` appears on current page.</doc>
<arguments>
<arg>Today's Deals</arg>
</arguments>
<status status="PASS" starttime="20190728 13:24:28.774" endtime="20190728 13:24:28.832"></status>
</kw>
<status status="PASS" starttime="20190728 13:24:28.773" endtime="20190728 13:24:28.832"></status>
</kw>
<kw name="Input Search Item" library="TopNav">
<kw name="Input Text" library="SeleniumLibrary">
<doc>Types the given ``text`` into text field identified by ``locator``.</doc>
<arguments>
<arg>${TOPNAV_SEARCH_BAR}</arg>
<arg>${SEARCH_TERM}</arg>
</arguments>
<msg timestamp="20190728 13:24:28.833" level="INFO">Typing text 'Ferrari 458' into text field 'id=twotabsearchtextbox'.</msg>
<status status="PASS" starttime="20190728 13:24:28.832" endtime="20190728 13:24:28.998"></status>
</kw>
<kw name="Click Button" library="SeleniumLibrary">
<doc>Clicks button identified by ``locator``.</doc>
<arguments>
<arg>${TOPNAV_SEARCH_BUTTON}</arg>
</arguments>
<msg timestamp="20190728 13:24:28.999" level="INFO">Clicking button 'xpath=//*[@id="nav-search"]/form/div[2]/div/input'.</msg>
<status status="PASS" starttime="20190728 13:24:28.999" endtime="20190728 13:24:34.814"></status>
</kw>
<status status="PASS" starttime="20190728 13:24:28.832" endtime="20190728 13:24:34.814"></status>
</kw>
<kw name="Search Result" library="SearchResult">
<assign>
<var>${ReturnedInfo}</var>
</assign>
<kw name="Wait Until Page Contains" library="SeleniumLibrary">
<doc>Waits until ``text`` appears on current page.</doc>
<arguments>
<arg>${SEARCH_TERM}</arg>
</arguments>
<status status="PASS" starttime="20190728 13:24:34.815" endtime="20190728 13:24:34.913"></status>
</kw>
<msg timestamp="20190728 13:24:34.913" level="INFO">${ReturnedInfo} = Found it</msg>
<status status="PASS" starttime="20190728 13:24:34.815" endtime="20190728 13:24:34.913"></status>
</kw>
<kw name="Log" library="BuiltIn">
<doc>Logs the given message with the given level.</doc>
<arguments>
<arg>${ReturnedInfo}</arg>
</arguments>
<msg timestamp="20190728 13:24:34.913" level="INFO">Found it</msg>
<status status="PASS" starttime="20190728 13:24:34.913" endtime="20190728 13:24:34.913"></status>
</kw>
<status status="PASS" starttime="20190728 13:24:21.647" endtime="20190728 13:24:34.913"></status>
</kw>
<kw name="Do Some Custom Thing" library="AmazonApp">
<kw name="Do Something Special" library="MyCustomLibrary">
<msg timestamp="20190728 13:24:34.914" level="INFO">Doing something special!</msg>
<status status="PASS" starttime="20190728 13:24:34.914" endtime="20190728 13:24:34.914"></status>
</kw>
<status status="PASS" starttime="20190728 13:24:34.914" endtime="20190728 13:24:34.914"></status>
</kw>
<kw name="End web Test" library="Common" type="teardown">
<kw name="Close Browser" library="SeleniumLibrary">
<doc>Closes the current browser.</doc>
<status status="PASS" starttime="20190728 13:24:34.915" endtime="20190728 13:24:37.085"></status>
</kw>
<status status="PASS" starttime="20190728 13:24:34.915" endtime="20190728 13:24:37.085"></status>
</kw>
<doc>This is some basic info about the test</doc>
<tags>
<tag>Search</tag>
</tags>
<status status="PASS" starttime="20190728 13:24:19.401" endtime="20190728 13:24:37.085" critical="yes"></status>
</test>
<test id="s1-t2" name="Logged out user can view a product">
<kw name="Begin Web test" library="Common" type="setup">
<kw name="Open Browser" library="SeleniumLibrary">
<doc>Opens a new browser instance to the given ``url``.</doc>
<arguments>
<arg>about:blank</arg>
<arg>${BROWSER}</arg>
</arguments>
<msg timestamp="20190728 13:24:37.090" level="INFO">Opening browser 'chrome' to base url 'about:blank'.</msg>
<status status="PASS" starttime="20190728 13:24:37.090" endtime="20190728 13:24:39.271"></status>
</kw>
<status status="PASS" starttime="20190728 13:24:37.090" endtime="20190728 13:24:39.271"></status>
</kw>
<kw name="Search for products" library="AmazonApp">
<kw name="Load" library="LandingPage">
<kw name="Go To" library="SeleniumLibrary">
<doc>Navigates the active browser instance to the provided ``url``.</doc>
<arguments>
<arg>${START_URL}</arg>
</arguments>
<msg timestamp="20190728 13:24:39.273" level="INFO">Opening url 'http://www.amazon.com'</msg>
<status status="PASS" starttime="20190728 13:24:39.273" endtime="20190728 13:24:42.149"></status>
</kw>
<kw name="Maximize Browser Window" library="SeleniumLibrary">
<doc>Maximizes current browser window.</doc>
<status status="PASS" starttime="20190728 13:24:42.149" endtime="20190728 13:24:43.790"></status>
</kw>
<status status="PASS" starttime="20190728 13:24:39.272" endtime="20190728 13:24:43.791"></status>
</kw>
<kw name="Verify Page Loaded" library="LandingPage">
<kw name="Wait Until Page Contains" library="SeleniumLibrary">
<doc>Waits until ``text`` appears on current page.</doc>
<arguments>
<arg>Today's Deals</arg>
</arguments>
<status status="PASS" starttime="20190728 13:24:43.793" endtime="20190728 13:24:43.836"></status>
</kw>
<status status="PASS" starttime="20190728 13:24:43.792" endtime="20190728 13:24:43.836"></status>
</kw>
<kw name="Input Search Item" library="TopNav">
<kw name="Input Text" library="SeleniumLibrary">
<doc>Types the given ``text`` into text field identified by ``locator``.</doc>
<arguments>
<arg>${TOPNAV_SEARCH_BAR}</arg>
<arg>${SEARCH_TERM}</arg>
</arguments>
<msg timestamp="20190728 13:24:43.836" level="INFO">Typing text 'Ferrari 458' into text field 'id=twotabsearchtextbox'.</msg>
<status status="PASS" starttime="20190728 13:24:43.836" endtime="20190728 13:24:43.989"></status>
</kw>
<kw name="Click Button" library="SeleniumLibrary">
<doc>Clicks button identified by ``locator``.</doc>
<arguments>
<arg>${TOPNAV_SEARCH_BUTTON}</arg>
</arguments>
<msg timestamp="20190728 13:24:43.990" level="INFO">Clicking button 'xpath=//*[@id="nav-search"]/form/div[2]/div/input'.</msg>
<status status="PASS" starttime="20190728 13:24:43.989" endtime="20190728 13:24:47.844"></status>
</kw>
<status status="PASS" starttime="20190728 13:24:43.836" endtime="20190728 13:24:47.844"></status>
</kw>
<kw name="Search Result" library="SearchResult">
<assign>
<var>${ReturnedInfo}</var>
</assign>
<kw name="Wait Until Page Contains" library="SeleniumLibrary">
<doc>Waits until ``text`` appears on current page.</doc>
<arguments>
<arg>${SEARCH_TERM}</arg>
</arguments>
<status status="PASS" starttime="20190728 13:24:47.845" endtime="20190728 13:24:47.932"></status>
</kw>
<msg timestamp="20190728 13:24:47.932" level="INFO">${ReturnedInfo} = Found it</msg>
<status status="PASS" starttime="20190728 13:24:47.844" endtime="20190728 13:24:47.932"></status>
</kw>
<kw name="Log" library="BuiltIn">
<doc>Logs the given message with the given level.</doc>
<arguments>
<arg>${ReturnedInfo}</arg>
</arguments>
<msg timestamp="20190728 13:24:47.932" level="INFO">Found it</msg>
<status status="PASS" starttime="20190728 13:24:47.932" endtime="20190728 13:24:47.933"></status>
</kw>
<status status="PASS" starttime="20190728 13:24:39.272" endtime="20190728 13:24:47.933"></status>
</kw>
<kw name="Select product from Search Results" library="AmazonApp">
<kw name="Product Result" library="Product">
<kw name="Click Image" library="SeleniumLibrary">
<doc>Clicks an image identified by ``locator``.</doc>
<arguments>
<arg>Bburago 26017R Ferrari 458 Spider Red 1/24 Diecast Model Car</arg>
</arguments>
<msg timestamp="20190728 13:24:47.934" level="INFO">Clicking image 'Bburago 26017R Ferrari 458 Spider Red 1/24 Diecast Model Car'.</msg>
<status status="PASS" starttime="20190728 13:24:47.933" endtime="20190728 13:24:53.445"></status>
</kw>
<kw name="Wait Until Page Contains" library="SeleniumLibrary">
<doc>Waits until ``text`` appears on current page.</doc>
<arguments>
<arg>Bburago 26017R Ferrari 458 Spider Red 1/24 Diecast Model Car</arg>
</arguments>
<status status="PASS" starttime="20190728 13:24:53.445" endtime="20190728 13:24:53.492"></status>
</kw>
<status status="PASS" starttime="20190728 13:24:47.933" endtime="20190728 13:24:53.492"></status>
</kw>
<status status="PASS" starttime="20190728 13:24:47.933" endtime="20190728 13:24:53.492"></status>
</kw>
<kw name="End web Test" library="Common" type="teardown">
<kw name="Close Browser" library="SeleniumLibrary">
<doc>Closes the current browser.</doc>
<status status="PASS" starttime="20190728 13:24:53.493" endtime="20190728 13:24:56.754"></status>
</kw>
<status status="PASS" starttime="20190728 13:24:53.493" endtime="20190728 13:24:56.754"></status>
</kw>
<doc>This is some basic info about the test</doc>
<tags>
<tag>View</tag>
</tags>
<status status="PASS" starttime="20190728 13:24:37.089" endtime="20190728 13:24:56.754" critical="yes"></status>
</test>
<test id="s1-t3" name="Logged out user can add product to cart">
<kw name="Begin Web test" library="Common" type="setup">
<kw name="Open Browser" library="SeleniumLibrary">
<doc>Opens a new browser instance to the given ``url``.</doc>
<arguments>
<arg>about:blank</arg>
<arg>${BROWSER}</arg>
</arguments>
<msg timestamp="20190728 13:24:56.757" level="INFO">Opening browser 'chrome' to base url 'about:blank'.</msg>
<status status="PASS" starttime="20190728 13:24:56.757" endtime="20190728 13:24:58.967"></status>
</kw>
<status status="PASS" starttime="20190728 13:24:56.757" endtime="20190728 13:24:58.968"></status>
</kw>
<kw name="Search for products" library="AmazonApp">
<kw name="Load" library="LandingPage">
<kw name="Go To" library="SeleniumLibrary">
<doc>Navigates the active browser instance to the provided ``url``.</doc>
<arguments>
<arg>${START_URL}</arg>
</arguments>
<msg timestamp="20190728 13:24:58.969" level="INFO">Opening url 'http://www.amazon.com'</msg>
<status status="PASS" starttime="20190728 13:24:58.969" endtime="20190728 13:25:01.675"></status>
</kw>
<kw name="Maximize Browser Window" library="SeleniumLibrary">
<doc>Maximizes current browser window.</doc>
<status status="PASS" starttime="20190728 13:25:01.676" endtime="20190728 13:25:03.564"></status>
</kw>
<status status="PASS" starttime="20190728 13:24:58.969" endtime="20190728 13:25:03.565"></status>
</kw>
<kw name="Verify Page Loaded" library="LandingPage">
<kw name="Wait Until Page Contains" library="SeleniumLibrary">
<doc>Waits until ``text`` appears on current page.</doc>
<arguments>
<arg>Today's Deals</arg>
</arguments>
<status status="PASS" starttime="20190728 13:25:03.566" endtime="20190728 13:25:03.605"></status>
</kw>
<status status="PASS" starttime="20190728 13:25:03.565" endtime="20190728 13:25:03.605"></status>
</kw>
<kw name="Input Search Item" library="TopNav">
<kw name="Input Text" library="SeleniumLibrary">
<doc>Types the given ``text`` into text field identified by ``locator``.</doc>
<arguments>
<arg>${TOPNAV_SEARCH_BAR}</arg>
<arg>${SEARCH_TERM}</arg>
</arguments>
<msg timestamp="20190728 13:25:03.606" level="INFO">Typing text 'Ferrari 458' into text field 'id=twotabsearchtextbox'.</msg>
<status status="PASS" starttime="20190728 13:25:03.606" endtime="20190728 13:25:03.777"></status>
</kw>
<kw name="Click Button" library="SeleniumLibrary">
<doc>Clicks button identified by ``locator``.</doc>
<arguments>
<arg>${TOPNAV_SEARCH_BUTTON}</arg>
</arguments>
<msg timestamp="20190728 13:25:03.778" level="INFO">Clicking button 'xpath=//*[@id="nav-search"]/form/div[2]/div/input'.</msg>
<status status="PASS" starttime="20190728 13:25:03.777" endtime="20190728 13:25:08.034"></status>
</kw>
<status status="PASS" starttime="20190728 13:25:03.605" endtime="20190728 13:25:08.034"></status>
</kw>
<kw name="Search Result" library="SearchResult">
<assign>
<var>${ReturnedInfo}</var>
</assign>
<kw name="Wait Until Page Contains" library="SeleniumLibrary">
<doc>Waits until ``text`` appears on current page.</doc>
<arguments>
<arg>${SEARCH_TERM}</arg>
</arguments>
<status status="PASS" starttime="20190728 13:25:08.035" endtime="20190728 13:25:08.113"></status>
</kw>
<msg timestamp="20190728 13:25:08.114" level="INFO">${ReturnedInfo} = Found it</msg>
<status status="PASS" starttime="20190728 13:25:08.034" endtime="20190728 13:25:08.114"></status>
</kw>
<kw name="Log" library="BuiltIn">
<doc>Logs the given message with the given level.</doc>
<arguments>
<arg>${ReturnedInfo}</arg>
</arguments>
<msg timestamp="20190728 13:25:08.115" level="INFO">Found it</msg>
<status status="PASS" starttime="20190728 13:25:08.114" endtime="20190728 13:25:08.115"></status>
</kw>
<status status="PASS" starttime="20190728 13:24:58.968" endtime="20190728 13:25:08.115"></status>
</kw>
<kw name="Select product from Search Results" library="AmazonApp">
<kw name="Product Result" library="Product">
<kw name="Click Image" library="SeleniumLibrary">
<doc>Clicks an image identified by ``locator``.</doc>
<arguments>
<arg>Bburago 26017R Ferrari 458 Spider Red 1/24 Diecast Model Car</arg>
</arguments>
<msg timestamp="20190728 13:25:08.117" level="INFO">Clicking image 'Bburago 26017R Ferrari 458 Spider Red 1/24 Diecast Model Car'.</msg>
<status status="PASS" starttime="20190728 13:25:08.117" endtime="20190728 13:25:12.932"></status>
</kw>
<kw name="Wait Until Page Contains" library="SeleniumLibrary">
<doc>Waits until ``text`` appears on current page.</doc>
<arguments>
<arg>Bburago 26017R Ferrari 458 Spider Red 1/24 Diecast Model Car</arg>
</arguments>
<status status="PASS" starttime="20190728 13:25:12.932" endtime="20190728 13:25:12.979"></status>
</kw>
<status status="PASS" starttime="20190728 13:25:08.117" endtime="20190728 13:25:12.979"></status>
</kw>
<status status="PASS" starttime="20190728 13:25:08.116" endtime="20190728 13:25:12.979"></status>
</kw>
<kw name="Add Product To Cart" library="AmazonApp">
<kw name="Add Product To Cart" library="Cart">
<kw name="Click Link" library="SeleniumLibrary">
<doc>Clicks a link identified by ``locator``.</doc>
<arguments>
<arg>id=buybox-see-all-buying-choices-announce</arg>
</arguments>
<msg timestamp="20190728 13:25:12.981" level="INFO">Clicking link 'id=buybox-see-all-buying-choices-announce'.</msg>
<kw name="Capture Page Screenshot" library="SeleniumLibrary">
<doc>Takes screenshot of the current page and embeds it into log file.</doc>
<msg timestamp="20190728 13:25:14.691" level="INFO" html="yes">&lt;/td&gt;&lt;/tr&gt;&lt;tr&gt;&lt;td colspan="3"&gt;&lt;a href="selenium-screenshot-52.png"&gt;&lt;img src="selenium-screenshot-52.png" width="800px"&gt;&lt;/a&gt;</msg>
<status status="PASS" starttime="20190728 13:25:13.006" endtime="20190728 13:25:14.691"></status>
</kw>
<msg timestamp="20190728 13:25:14.696" level="FAIL">Link with locator 'id=buybox-see-all-buying-choices-announce' not found.</msg>
<status status="FAIL" starttime="20190728 13:25:12.980" endtime="20190728 13:25:14.696"></status>
</kw>
<status status="FAIL" starttime="20190728 13:25:12.980" endtime="20190728 13:25:14.696"></status>
</kw>
<status status="FAIL" starttime="20190728 13:25:12.980" endtime="20190728 13:25:14.697"></status>
</kw>
<kw name="End web Test" library="Common" type="teardown">
<kw name="Close Browser" library="SeleniumLibrary">
<doc>Closes the current browser.</doc>
<status status="PASS" starttime="20190728 13:25:14.697" endtime="20190728 13:25:16.858"></status>
</kw>
<status status="PASS" starttime="20190728 13:25:14.697" endtime="20190728 13:25:16.858"></status>
</kw>
<doc>This is some basic info about the test</doc>
<tags>
<tag>Smoke</tag>
</tags>
<status status="FAIL" starttime="20190728 13:24:56.756" endtime="20190728 13:25:16.859" critical="yes">Link with locator 'id=buybox-see-all-buying-choices-announce' not found.</status>
</test>
<doc>This is a basic info about the whole suite</doc>
<status status="FAIL" starttime="20190728 13:24:19.138" endtime="20190728 13:25:16.860"></status>
</suite>
<statistics>
<total>
<stat pass="2" fail="1">Critical Tests</stat>
<stat pass="2" fail="1">All Tests</stat>
</total>
<tag>
<stat pass="1" fail="0">Search</stat>
<stat pass="0" fail="1">Smoke</stat>
<stat pass="1" fail="0">View</stat>
</tag>
<suite>
<stat pass="2" fail="1" id="s1" name="Amazon">Amazon</stat>
</suite>
</statistics>
<errors>
</errors>
</robot>
